0 info it worked if it ends with ok
1 verbose cli [ '/home/ubuntu/.nvm/v0.10.35/bin/node',
1 verbose cli   '/home/ubuntu/.nvm/v0.10.35/bin/npm',
1 verbose cli   'install',
1 verbose cli   'method-oveide',
1 verbose cli   '--save' ]
2 info using npm@1.4.28
3 info using node@v0.10.35
4 warn package.json vitrine@1.0.0 No description
5 warn package.json vitrine@1.0.0 No repository field.
6 warn package.json vitrine@1.0.0 No README data
7 verbose readDependencies using package.json deps
8 verbose cache add [ 'method-oveide', null ]
9 verbose cache add name=undefined spec="method-oveide" args=["method-oveide",null]
10 verbose parsed url { protocol: null,
10 verbose parsed url   slashes: null,
10 verbose parsed url   auth: null,
10 verbose parsed url   host: null,
10 verbose parsed url   port: null,
10 verbose parsed url   hostname: null,
10 verbose parsed url   hash: null,
10 verbose parsed url   search: null,
10 verbose parsed url   query: null,
10 verbose parsed url   pathname: 'method-oveide',
10 verbose parsed url   path: 'method-oveide',
10 verbose parsed url   href: 'method-oveide' }
11 silly lockFile fbd55588-method-oveide method-oveide
12 verbose lock method-oveide /home/ubuntu/.npm/fbd55588-method-oveide.lock
13 silly lockFile fbd55588-method-oveide method-oveide
14 silly lockFile fbd55588-method-oveide method-oveide
15 verbose addNamed [ 'method-oveide', '' ]
16 verbose addNamed [ null, '*' ]
17 silly lockFile d4a07b43-method-oveide method-oveide@
18 verbose lock method-oveide@ /home/ubuntu/.npm/d4a07b43-method-oveide.lock
19 silly addNameRange { name: 'method-oveide', range: '*', hasData: false }
20 verbose request where is /method-oveide
21 verbose request registry https://registry.npmjs.org/
22 verbose request id 386dfbe0f90ecfc6
23 verbose url raw /method-oveide
24 verbose url resolving [ 'https://registry.npmjs.org/', './method-oveide' ]
25 verbose url resolved https://registry.npmjs.org/method-oveide
26 verbose request where is https://registry.npmjs.org/method-oveide
27 info trying registry request attempt 1 at 15:59:41
28 http GET https://registry.npmjs.org/method-oveide
29 http 404 https://registry.npmjs.org/method-oveide
30 silly registry.get cb [ 404,
30 silly registry.get   { 'content-type': 'application/json',
30 silly registry.get     'cache-control': 'max-age=0',
30 silly registry.get     'content-length': '2',
30 silly registry.get     'accept-ranges': 'bytes',
30 silly registry.get     date: 'Sun, 17 Jan 2016 15:59:41 GMT',
30 silly registry.get     via: '1.1 varnish',
30 silly registry.get     age: '0',
30 silly registry.get     connection: 'keep-alive',
30 silly registry.get     'x-served-by': 'cache-lhr6334-LHR',
30 silly registry.get     'x-cache': 'MISS',
30 silly registry.get     'x-cache-hits': '0',
30 silly registry.get     'x-timer': 'S1453046381.717373,VS0,VE89' } ]
31 silly lockFile d4a07b43-method-oveide method-oveide@
32 silly lockFile d4a07b43-method-oveide method-oveide@
33 error 404 Not Found
33 error 404
33 error 404 'method-oveide' is not in the npm registry.
33 error 404 You should bug the author to publish it
33 error 404 It was specified as a dependency of 'vitrine'
33 error 404
33 error 404 Note that you can also install from a
33 error 404 tarball, folder, or http url, or git url.
34 error System Linux 4.2.0-c9
35 error command "/home/ubuntu/.nvm/v0.10.35/bin/node" "/home/ubuntu/.nvm/v0.10.35/bin/npm" "install" "method-oveide" "--save"
36 error cwd /home/ubuntu/workspace/vitrine
37 error node -v v0.10.35
38 error npm -v 1.4.28
39 error code E404
40 verbose exit [ 1, true ]
